<?xml version="1.0" encoding="UTF-8"?>
<testng-results ignored="0" total="1" passed="1" failed="0" skipped="0">
  <reporter-output>
  </reporter-output>
  <suite started-at="2022-12-15T15:17:56 IST" name="test assignment" finished-at="2022-12-15T15:19:51 IST" duration-ms="115282">
    <groups>
    </groups>
    <test started-at="2022-12-15T15:17:56 IST" name="gmail" finished-at="2022-12-15T15:19:51 IST" duration-ms="115282">
      <class name="testScript.GmailUtilityTest">
        <test-method is-config="true" signature="setup(java.lang.String,java.lang.String)[pri:0, instance:testScript.GmailUtilityTest@57cf54e1]" started-at="2022-12-15T15:17:56 IST" name="setup" finished-at="2022-12-15T15:18:13 IST" duration-ms="17294" status="PASS">
          <params>
            <param index="0">
              <value>
                <![CDATA[chrome]]>
              </value>
            </param>
            <param index="1">
              <value>
                <![CDATA[https://mail.google.com/]]>
              </value>
            </param>
          </params>
          <reporter-output>
          </reporter-output>
        </test-method> <!-- setup -->
        <test-method signature="gmailLogin()[pri:1, instance:testScript.GmailUtilityTest@57cf54e1]" started-at="2022-12-15T15:18:13 IST" name="gmailLogin" finished-at="2022-12-15T15:19:51 IST" duration-ms="97475" status="PASS">
          <reporter-output>
          </reporter-output>
        </test-method> <!-- gmailLogin -->
        <test-method is-config="true" signature="quit()[pri:0, instance:testScript.GmailUtilityTest@57cf54e1]" started-at="2022-12-15T15:19:51 IST" name="quit" finished-at="2022-12-15T15:19:51 IST" duration-ms="449" status="PASS">
          <reporter-output>
          </reporter-output>
        </test-method> <!-- quit -->
      </class> <!-- testScript.GmailUtilityTest -->
    </test> <!-- gmail -->
  </suite> <!-- test assignment -->
</testng-results>
